android/app/build/intermediates/manifest_merge_blame_file/debug/manifest-merger-blame-debug-report.txt
1<?xml version="1.0" encoding="utf-8"?>
2<manifest xmlns:android="http://schemas.android.com/apk/res/android"
3    package="io.ionic.starter"
4    android:versionCode="1"
5    android:versionName="1.0" >
6
7    <uses-sdk
8        android:minSdkVersion="22"
9        android:targetSdkVersion="34" />
10
11    <!-- Permissions -->
12    <uses-permission android:name="android.permission.INTERNET" />
12-->src\main\AndroidManifest.xml:39:5-67
12-->src\main\AndroidManifest.xml:39:22-64
13    <uses-permission android:name="android.permission.BLUETOOTH" />
13-->src\main\AndroidManifest.xml:40:5-68
13-->src\main\AndroidManifest.xml:40:22-65
14    <uses-permission android:name="android.permission.BLUETOOTH_ADMIN" />
14-->src\main\AndroidManifest.xml:41:5-74
14-->src\main\AndroidManifest.xml:41:22-71
15    <uses-permission android:name="android.permission.BLUETOOTH_SCAN" />
15-->src\main\AndroidManifest.xml:42:5-73
15-->src\main\AndroidManifest.xml:42:22-70
16    <uses-permission android:name="android.permission.BLUETOOTH_CONNECT" />
16-->src\main\AndroidManifest.xml:43:5-76
16-->src\main\AndroidManifest.xml:43:22-73
17    <uses-permission android:name="android.permission.ACCESS_FINE_LOCATION" />
17-->src\main\AndroidManifest.xml:44:5-79
17-->src\main\AndroidManifest.xml:44:22-76
18    <uses-permission android:name="android.permission.VIBRATE" />
18-->[:capacitor-haptics] AndroidManifest.xml:7:5-66
18-->[:capacitor-haptics] AndroidManifest.xml:7:22-63
19
20    <permission
20-->[androidx.core:core:1.12.0] AndroidManifest.xml:22:5-24:47
21        android:name="io.ionic.starter.DYNAMIC_RECEIVER_NOT_EXPORTED_PERMISSION"
21-->[androidx.core:core:1.12.0] AndroidManifest.xml:23:9-81
22        android:protectionLevel="signature" />
22-->[androidx.core:core:1.12.0] AndroidManifest.xml:24:9-44
23
24    <uses-permission android:name="io.ionic.starter.DYNAMIC_RECEIVER_NOT_EXPORTED_PERMISSION" />
24-->[androidx.core:core:1.12.0] AndroidManifest.xml:26:5-97
24-->[androidx.core:core:1.12.0] AndroidManifest.xml:26:22-94
25
26    <application
26-->src\main\AndroidManifest.xml:4:5-36:19
27        android:allowBackup="true"
27-->src\main\AndroidManifest.xml:5:9-35
28        android:appComponentFactory="androidx.core.app.CoreComponentFactory"
28-->[androidx.core:core:1.12.0] AndroidManifest.xml:28:18-86
29        android:debuggable="true"
30        android:extractNativeLibs="true"
31        android:icon="@mipmap/ic_launcher"
31-->src\main\AndroidManifest.xml:6:9-43
32        android:label="@string/app_name"
32-->src\main\AndroidManifest.xml:7:9-41
33        android:roundIcon="@mipmap/ic_launcher_round"
33-->src\main\AndroidManifest.xml:8:9-54
34        android:supportsRtl="true"
34-->src\main\AndroidManifest.xml:9:9-35
35        android:testOnly="true"
36        android:theme="@style/AppTheme" >
36-->src\main\AndroidManifest.xml:10:9-40
37        <activity
37-->src\main\AndroidManifest.xml:12:9-25:20
38            android:name="io.ionic.starter.MainActivity"
38-->src\main\AndroidManifest.xml:14:13-41
39            android:configChanges="orientation|keyboardHidden|keyboard|screenSize|locale|smallestScreenSize|screenLayout|uiMode"
39-->src\main\AndroidManifest.xml:13:13-129
40            android:exported="true"
40-->src\main\AndroidManifest.xml:18:13-36
41            android:label="@string/title_activity_main"
41-->src\main\AndroidManifest.xml:15:13-56
42            android:launchMode="singleTask"
42-->src\main\AndroidManifest.xml:17:13-44
43            android:theme="@style/AppTheme.NoActionBarLaunch" >
43-->src\main\AndroidManifest.xml:16:13-62
44            <intent-filter>
44-->src\main\AndroidManifest.xml:20:13-23:29
45                <action android:name="android.intent.action.MAIN" />
45-->src\main\AndroidManifest.xml:21:17-69
45-->src\main\AndroidManifest.xml:21:25-66
46
47                <category android:name="android.intent.category.LAUNCHER" />
47-->src\main\AndroidManifest.xml:22:17-77
47-->src\main\AndroidManifest.xml:22:27-74
48            </intent-filter>
49        </activity>
50
51        <provider
52            android:name="androidx.core.content.FileProvider"
52-->src\main\AndroidManifest.xml:28:13-62
53            android:authorities="io.ionic.starter.fileprovider"
53-->src\main\AndroidManifest.xml:29:13-64
54            android:exported="false"
54-->src\main\AndroidManifest.xml:30:13-37
55            android:grantUriPermissions="true" >
55-->src\main\AndroidManifest.xml:31:13-47
56            <meta-data
56-->src\main\AndroidManifest.xml:32:13-34:64
57                android:name="android.support.FILE_PROVIDER_PATHS"
57-->src\main\AndroidManifest.xml:33:17-67
58                android:resource="@xml/file_paths" />
58-->src\main\AndroidManifest.xml:34:17-51
59        </provider>
60        <provider
60-->[androidx.emoji2:emoji2:1.2.0] AndroidManifest.xml:24:9-32:20
61            android:name="androidx.startup.InitializationProvider"
61-->[androidx.emoji2:emoji2:1.2.0] AndroidManifest.xml:25:13-67
62            android:authorities="io.ionic.starter.androidx-startup"
62-->[androidx.emoji2:emoji2:1.2.0] AndroidManifest.xml:26:13-68
63            android:exported="false" >
63-->[androidx.emoji2:emoji2:1.2.0] AndroidManifest.xml:27:13-37
64            <meta-data
64-->[androidx.emoji2:emoji2:1.2.0] AndroidManifest.xml:29:13-31:52
65                android:name="androidx.emoji2.text.EmojiCompatInitializer"
65-->[androidx.emoji2:emoji2:1.2.0] AndroidManifest.xml:30:17-75
66                android:value="androidx.startup" />
66-->[androidx.emoji2:emoji2:1.2.0] AndroidManifest.xml:31:17-49
67            <meta-data
67-->[androidx.lifecycle:lifecycle-process:2.6.1] AndroidManifest.xml:29:13-31:52
68                android:name="androidx.lifecycle.ProcessLifecycleInitializer"
68-->[androidx.lifecycle:lifecycle-process:2.6.1] AndroidManifest.xml:30:17-78
69                android:value="androidx.startup" />
69-->[androidx.lifecycle:lifecycle-process:2.6.1] AndroidManifest.xml:31:17-49
70            <meta-data
70-->[androidx.profileinstaller:profileinstaller:1.3.0] AndroidManifest.xml:29:13-31:52
71                android:name="androidx.profileinstaller.ProfileInstallerInitializer"
71-->[androidx.profileinstaller:profileinstaller:1.3.0] AndroidManifest.xml:30:17-85
72                android:value="androidx.startup" />
72-->[androidx.profileinstaller:profileinstaller:1.3.0] AndroidManifest.xml:31:17-49
73        </provider>
74
75        <receiver
75-->[androidx.profileinstaller:profileinstaller:1.3.0] AndroidManifest.xml:34:9-52:20
76            android:name="androidx.profileinstaller.ProfileInstallReceiver"
76-->[androidx.profileinstaller:profileinstaller:1.3.0] AndroidManifest.xml:35:13-76
77            android:directBootAware="false"
77-->[androidx.profileinstaller:profileinstaller:1.3.0] AndroidManifest.xml:36:13-44
78            android:enabled="true"
78-->[androidx.profileinstaller:profileinstaller:1.3.0] AndroidManifest.xml:37:13-35
79            android:exported="true"
79-->[androidx.profileinstaller:profileinstaller:1.3.0] AndroidManifest.xml:38:13-36
80            android:permission="android.permission.DUMP" >
80-->[androidx.profileinstaller:profileinstaller:1.3.0] AndroidManifest.xml:39:13-57
81            <intent-filter>
81-->[androidx.profileinstaller:profileinstaller:1.3.0] AndroidManifest.xml:40:13-42:29
82                <action android:name="androidx.profileinstaller.action.INSTALL_PROFILE" />
82-->[androidx.profileinstaller:profileinstaller:1.3.0] AndroidManifest.xml:41:17-91
82-->[androidx.profileinstaller:profileinstaller:1.3.0] AndroidManifest.xml:41:25-88
83            </intent-filter>
84            <intent-filter>
84-->[androidx.profileinstaller:profileinstaller:1.3.0] AndroidManifest.xml:43:13-45:29
85                <action android:name="androidx.profileinstaller.action.SKIP_FILE" />
85-->[androidx.profileinstaller:profileinstaller:1.3.0] AndroidManifest.xml:44:17-85
85-->[androidx.profileinstaller:profileinstaller:1.3.0] AndroidManifest.xml:44:25-82
86            </intent-filter>
87            <intent-filter>
87-->[androidx.profileinstaller:profileinstaller:1.3.0] AndroidManifest.xml:46:13-48:29
88                <action android:name="androidx.profileinstaller.action.SAVE_PROFILE" />
88-->[androidx.profileinstaller:profileinstaller:1.3.0] AndroidManifest.xml:47:17-88
88-->[androidx.profileinstaller:profileinstaller:1.3.0] AndroidManifest.xml:47:25-85
89            </intent-filter>
90            <intent-filter>
90-->[androidx.profileinstaller:profileinstaller:1.3.0] AndroidManifest.xml:49:13-51:29
91                <action android:name="androidx.profileinstaller.action.BENCHMARK_OPERATION" />
91-->[androidx.profileinstaller:profileinstaller:1.3.0] AndroidManifest.xml:50:17-95
91-->[androidx.profileinstaller:profileinstaller:1.3.0] AndroidManifest.xml:50:25-92
92            </intent-filter>
93        </receiver>
94    </application>
95
96</manifest>